  main.cpp
C:\Users\ethan\OneDrive\Desktop\University\Year 2\ds2\Week 5\mandelbrot\mandelbrot\main.cpp(172,24): warning C4244: 'argument': conversion from '_Rep' to 'const _Ty', possible loss of data
          with
          [
              _Rep=__int64
          ]
          and
          [
              _Ty=int
          ]
C:\Users\ethan\OneDrive\Desktop\University\Year 2\ds2\Week 5\mandelbrot\mandelbrot\main.cpp(193,26): warning C4244: 'argument': conversion from '_Rep' to 'const _Ty', possible loss of data
          with
          [
              _Rep=__int64
          ]
          and
          [
              _Ty=int
          ]
C:\Users\ethan\OneDrive\Desktop\University\Year 2\ds2\Week 5\mandelbrot\mandelbrot\main.cpp(304,21): warning C4244: 'argument': conversion from '_Rep' to 'const _Ty', possible loss of data
          with
          [
              _Rep=__int64
          ]
          and
          [
              _Ty=int
          ]
  Generating code
  2 of 408 functions ( 0.5%) were compiled, the rest were copied from previous compilation.
    0 functions were new in current compilation
    1 functions had inline decision re-evaluated but remain unchanged
  Finished generating code
  mandelbrot.vcxproj -> C:\Users\ethan\OneDrive\Desktop\University\Year 2\ds2\Week 5\mandelbrot\x64\Release\mandelbrot.exe
