c:\users\ethan\onedrive\desktop\university\year 2\ds2\week 1\mandelbrot\mandelbrot\x64\release\vc142.pdb
c:\users\ethan\onedrive\desktop\university\year 2\ds2\week 1\mandelbrot\mandelbrot\x64\release\main.obj
c:\users\ethan\onedrive\desktop\university\year 2\ds2\week 2\mandelbrot\mandelbrot\x64\release\vc142.pdb
c:\users\ethan\onedrive\desktop\university\year 2\ds2\week 2\mandelbrot\mandelbrot\x64\release\main.obj
c:\users\ethan\onedrive\desktop\university\year 2\ds2\week 5\mandelbrot\mandelbrot\x64\release\vc142.pdb
c:\users\ethan\onedrive\desktop\university\year 2\ds2\week 5\mandelbrot\mandelbrot\x64\release\main.obj
c:\users\ethan\onedrive\desktop\university\year 2\ds2\week 5\mandelbrot\mandelbrot\x64\release\farm.obj
c:\users\ethan\onedrive\desktop\university\year 2\ds2\week 5\mandelbrot\mandelbrot\x64\release\compute_slice.obj
c:\users\ethan\onedrive\desktop\university\year 2\ds2\week 1\mandelbrot\x64\release\mandelbrot.exe
c:\users\ethan\onedrive\desktop\university\year 2\ds2\week 1\mandelbrot\x64\release\mandelbrot.pdb
c:\users\ethan\onedrive\desktop\university\year 2\ds2\week 2\mandelbrot\x64\release\mandelbrot.exe
c:\users\ethan\onedrive\desktop\university\year 2\ds2\week 2\mandelbrot\x64\release\mandelbrot.pdb
c:\users\ethan\onedrive\desktop\university\year 2\ds2\week 5\mandelbrot\x64\release\mandelbrot.exe
c:\users\ethan\onedrive\desktop\university\year 2\ds2\week 5\mandelbrot\x64\release\mandelbrot.pdb
c:\users\ethan\onedrive\desktop\university\year 2\ds2\week 1\mandelbrot\x64\release\mandelbrot.ipdb
c:\users\ethan\onedrive\desktop\university\year 2\ds2\week 1\mandelbrot\x64\release\mandelbrot.iobj
c:\users\ethan\onedrive\desktop\university\year 2\ds2\week 2\mandelbrot\x64\release\mandelbrot.ipdb
c:\users\ethan\onedrive\desktop\university\year 2\ds2\week 2\mandelbrot\x64\release\mandelbrot.iobj
c:\users\ethan\onedrive\desktop\university\year 2\ds2\week 5\mandelbrot\x64\release\mandelbrot.ipdb
c:\users\ethan\onedrive\desktop\university\year 2\ds2\week 5\mandelbrot\x64\release\mandelbrot.iobj
c:\users\ethan\onedrive\desktop\university\year 2\ds2\week 5\mandelbrot\mandelbrot\x64\release\mandelbrot.tlog\cl.command.1.tlog
c:\users\ethan\onedrive\desktop\university\year 2\ds2\week 5\mandelbrot\mandelbrot\x64\release\mandelbrot.tlog\cl.read.1.tlog
c:\users\ethan\onedrive\desktop\university\year 2\ds2\week 5\mandelbrot\mandelbrot\x64\release\mandelbrot.tlog\cl.write.1.tlog
c:\users\ethan\onedrive\desktop\university\year 2\ds2\week 5\mandelbrot\mandelbrot\x64\release\mandelbrot.tlog\link.command.1.tlog
c:\users\ethan\onedrive\desktop\university\year 2\ds2\week 5\mandelbrot\mandelbrot\x64\release\mandelbrot.tlog\link.read.1.tlog
c:\users\ethan\onedrive\desktop\university\year 2\ds2\week 5\mandelbrot\mandelbrot\x64\release\mandelbrot.tlog\link.write.1.tlog
c:\users\ethan\onedrive\desktop\university\year 2\ds2\week 5\mandelbrot\mandelbrot\x64\release\mandelbrot.tlog\mandelbrot.write.1u.tlog
